<testsuites id="" name="" tests="385" failures="101" skipped="283" errors="0" time="149.610217">
<testsuite name="00-simple-test.spec.ts" timestamp="2025-06-30T19:50:57.388Z" hostname="chromium" tests="2" failures="2" skipped="0" time="0.142" errors="0">
<testcase name="Simple Smoke Tests › frontend is accessible" classname="00-simple-test.spec.ts" time="0.077">
<failure message="00-simple-test.spec.ts:4:7 frontend is accessible" type="FAILURE">
<![CDATA[  [chromium] › 00-simple-test.spec.ts:4:7 › Simple Smoke Tests › frontend is accessible ────────────

    Error: browserType.launch: 
    ╔══════════════════════════════════════════════════════╗
    ║ Host system is missing dependencies to run browsers. ║
    ║ Please install them with the following command:      ║
    ║                                                      ║
    ║     sudo npx playwright install-deps                 ║
    ║                                                      ║
    ║ Alternatively, use apt:                              ║
    ║     sudo apt-get install libnss3\                    ║
    ║         libnspr4                                     ║
    ║                                                      ║
    ║ <3 Playwright Team                                   ║
    ╚══════════════════════════════════════════════════════╝

    Error Context: ../../test-results/00-simple-test-Simple-Smoke-Tests-frontend-is-accessible-chromium/error-context.md
]]>
</failure>
<system-out>
<![CDATA[
[[ATTACHMENT|../../test-results/00-simple-test-Simple-Smoke-Tests-frontend-is-accessible-chromium/error-context.md]]
]]>
</system-out>
</testcase>
<testcase name="Simple Smoke Tests › login page loads" classname="00-simple-test.spec.ts" time="0.065">
<failure message="00-simple-test.spec.ts:16:7 login page loads" type="FAILURE">
<![CDATA[  [chromium] › 00-simple-test.spec.ts:16:7 › Simple Smoke Tests › login page loads ─────────────────

    Error: browserType.launch: 
    ╔══════════════════════════════════════════════════════╗
    ║ Host system is missing dependencies to run browsers. ║
    ║ Please install them with the following command:      ║
    ║                                                      ║
    ║     sudo npx playwright install-deps                 ║
    ║                                                      ║
    ║ Alternatively, use apt:                              ║
    ║     sudo apt-get install libnss3\                    ║
    ║         libnspr4                                     ║
    ║                                                      ║
    ║ <3 Playwright Team                                   ║
    ╚══════════════════════════════════════════════════════╝

    Error Context: ../../test-results/00-simple-test-Simple-Smoke-Tests-login-page-loads-chromium/error-context.md
]]>
</failure>
<system-out>
<![CDATA[
[[ATTACHMENT|../../test-results/00-simple-test-Simple-Smoke-Tests-login-page-loads-chromium/error-context.md]]
]]>
</system-out>
</testcase>
</testsuite>
<testsuite name="01-user-journeys.spec.ts" timestamp="2025-06-30T19:50:57.388Z" hostname="chromium" tests="6" failures="6" skipped="0" time="0.385" errors="0">
<testcase name="Multi-Role User Journeys › Super Admin Journey › complete super admin workflow" classname="01-user-journeys.spec.ts" time="0.054">
<failure message="01-user-journeys.spec.ts:19:9 complete super admin workflow" type="FAILURE">
<![CDATA[  [chromium] › 01-user-journeys.spec.ts:19:9 › Multi-Role User Journeys › Super Admin Journey › complete super admin workflow 

    Error: browserType.launch: 
    ╔══════════════════════════════════════════════════════╗
    ║ Host system is missing dependencies to run browsers. ║
    ║ Please install them with the following command:      ║
    ║                                                      ║
    ║     sudo npx playwright install-deps                 ║
    ║                                                      ║
    ║ Alternatively, use apt:                              ║
    ║     sudo apt-get install libnss3\                    ║
    ║         libnspr4                                     ║
    ║                                                      ║
    ║ <3 Playwright Team                                   ║
    ╚══════════════════════════════════════════════════════╝

    Error Context: ../../test-results/01-user-journeys-Multi-Rol-e0c01-mplete-super-admin-workflow-chromium/error-context.md
]]>
</failure>
<system-out>
<![CDATA[
[[ATTACHMENT|../../test-results/01-user-journeys-Multi-Rol-e0c01-mplete-super-admin-workflow-chromium/error-context.md]]
]]>
</system-out>
</testcase>
<testcase name="Multi-Role User Journeys › Company Admin Journey › complete company admin workflow" classname="01-user-journeys.spec.ts" time="0.06">
<failure message="01-user-journeys.spec.ts:63:9 complete company admin workflow" type="FAILURE">
<![CDATA[  [chromium] › 01-user-journeys.spec.ts:63:9 › Multi-Role User Journeys › Company Admin Journey › complete company admin workflow 

    Error: browserType.launch: 
    ╔══════════════════════════════════════════════════════╗
    ║ Host system is missing dependencies to run browsers. ║
    ║ Please install them with the following command:      ║
    ║                                                      ║
    ║     sudo npx playwright install-deps                 ║
    ║                                                      ║
    ║ Alternatively, use apt:                              ║
    ║     sudo apt-get install libnss3\                    ║
    ║         libnspr4                                     ║
    ║                                                      ║
    ║ <3 Playwright Team                                   ║
    ╚══════════════════════════════════════════════════════╝

    Error Context: ../../test-results/01-user-journeys-Multi-Rol-01994-lete-company-admin-workflow-chromium/error-context.md
]]>
</failure>
<system-out>
<![CDATA[
[[ATTACHMENT|../../test-results/01-user-journeys-Multi-Rol-01994-lete-company-admin-workflow-chromium/error-context.md]]
]]>
</system-out>
</testcase>
<testcase name="Multi-Role User Journeys › Manager Journey › complete manager workflow" classname="01-user-journeys.spec.ts" time="0.072">
<failure message="01-user-journeys.spec.ts:109:9 complete manager workflow" type="FAILURE">
<![CDATA[  [chromium] › 01-user-journeys.spec.ts:109:9 › Multi-Role User Journeys › Manager Journey › complete manager workflow 

    Error: browserType.launch: 
    ╔══════════════════════════════════════════════════════╗
    ║ Host system is missing dependencies to run browsers. ║
    ║ Please install them with the following command:      ║
    ║                                                      ║
    ║     sudo npx playwright install-deps                 ║
    ║                                                      ║
    ║ Alternatively, use apt:                              ║
    ║     sudo apt-get install libnss3\                    ║
    ║         libnspr4                                     ║
    ║                                                      ║
    ║ <3 Playwright Team                                   ║
    ╚══════════════════════════════════════════════════════╝

    Error Context: ../../test-results/01-user-journeys-Multi-Rol-0d65d-y-complete-manager-workflow-chromium/error-context.md
]]>
</failure>
<system-out>
<![CDATA[
[[ATTACHMENT|../../test-results/01-user-journeys-Multi-Rol-0d65d-y-complete-manager-workflow-chromium/error-context.md]]
]]>
</system-out>
</testcase>
<testcase name="Multi-Role User Journeys › Staff Journey › complete staff workflow" classname="01-user-journeys.spec.ts" time="0.078">
<failure message="01-user-journeys.spec.ts:148:9 complete staff workflow" type="FAILURE">
<![CDATA[  [chromium] › 01-user-journeys.spec.ts:148:9 › Multi-Role User Journeys › Staff Journey › complete staff workflow 

    Error: browserType.launch: 
    ╔══════════════════════════════════════════════════════╗
    ║ Host system is missing dependencies to run browsers. ║
    ║ Please install them with the following command:      ║
    ║                                                      ║
    ║     sudo npx playwright install-deps                 ║
    ║                                                      ║
    ║ Alternatively, use apt:                              ║
    ║     sudo apt-get install libnss3\                    ║
    ║         libnspr4                                     ║
    ║                                                      ║
    ║ <3 Playwright Team                                   ║
    ╚══════════════════════════════════════════════════════╝

    Error Context: ../../test-results/01-user-journeys-Multi-Rol-b73c1-ney-complete-staff-workflow-chromium/error-context.md
]]>
</failure>
<system-out>
<![CDATA[
[[ATTACHMENT|../../test-results/01-user-journeys-Multi-Rol-b73c1-ney-complete-staff-workflow-chromium/error-context.md]]
]]>
</system-out>
</testcase>
<testcase name="Multi-Role User Journeys › Applicant Journey › complete applicant workflow" classname="01-user-journeys.spec.ts" time="0.065">
<failure message="01-user-journeys.spec.ts:193:9 complete applicant workflow" type="FAILURE">
<![CDATA[  [chromium] › 01-user-journeys.spec.ts:193:9 › Multi-Role User Journeys › Applicant Journey › complete applicant workflow 

    Error: browserType.launch: 
    ╔══════════════════════════════════════════════════════╗
    ║ Host system is missing dependencies to run browsers. ║
    ║ Please install them with the following command:      ║
    ║                                                      ║
    ║     sudo npx playwright install-deps                 ║
    ║                                                      ║
    ║ Alternatively, use apt:                              ║
    ║     sudo apt-get install libnss3\                    ║
    ║         libnspr4                                     ║
    ║                                                      ║
    ║ <3 Playwright Team                                   ║
    ╚══════════════════════════════════════════════════════╝

    Error Context: ../../test-results/01-user-journeys-Multi-Rol-743ef-complete-applicant-workflow-chromium/error-context.md
]]>
</failure>
<system-out>
<![CDATA[
[[ATTACHMENT|../../test-results/01-user-journeys-Multi-Rol-743ef-complete-applicant-workflow-chromium/error-context.md]]
]]>
</system-out>
</testcase>
<testcase name="Multi-Role User Journeys › cross-role collaboration workflow" classname="01-user-journeys.spec.ts" time="0.056">
<failure message="01-user-journeys.spec.ts:262:7 cross-role collaboration workflow" type="FAILURE">
<![CDATA[  [chromium] › 01-user-journeys.spec.ts:262:7 › Multi-Role User Journeys › cross-role collaboration workflow 

    Error: browserType.launch: 
    ╔══════════════════════════════════════════════════════╗
    ║ Host system is missing dependencies to run browsers. ║
    ║ Please install them with the following command:      ║
    ║                                                      ║
    ║     sudo npx playwright install-deps                 ║
    ║                                                      ║
    ║ Alternatively, use apt:                              ║
    ║     sudo apt-get install libnss3\                    ║
    ║         libnspr4                                     ║
    ║                                                      ║
    ║ <3 Playwright Team                                   ║
    ╚══════════════════════════════════════════════════════╝

    Error Context: ../../test-results/01-user-journeys-Multi-Rol-57c31-role-collaboration-workflow-chromium/error-context.md
]]>
</failure>
<system-out>
<![CDATA[
[[ATTACHMENT|../../test-results/01-user-journeys-Multi-Rol-57c31-role-collaboration-workflow-chromium/error-context.md]]
]]>
</system-out>
</testcase>
</testsuite>
<testsuite name="02-core-features.spec.ts" timestamp="2025-06-30T19:50:57.388Z" hostname="chromium" tests="13" failures="13" skipped="0" time="0.907" errors="0">
<testcase name="Core Feature Workflows › Authentication Flow › complete registration with email verification" classname="02-core-features.spec.ts" time="0.063">
<failure message="02-core-features.spec.ts:22:9 complete registration with email verification" type="FAILURE">
<![CDATA[  [chromium] › 02-core-features.spec.ts:22:9 › Core Feature Workflows › Authentication Flow › complete registration with email verification 

    Error: browserType.launch: 
    ╔══════════════════════════════════════════════════════╗
    ║ Host system is missing dependencies to run browsers. ║
    ║ Please install them with the following command:      ║
    ║                                                      ║
    ║     sudo npx playwright install-deps                 ║
    ║                                                      ║
    ║ Alternatively, use apt:                              ║
    ║     sudo apt-get install libnss3\                    ║
    ║         libnspr4                                     ║
    ║                                                      ║
    ║ <3 Playwright Team                                   ║
    ╚══════════════════════════════════════════════════════╝

    Error Context: ../../test-results/02-core-features-Core-Feat-f70a0-ion-with-email-verification-chromium/error-context.md
]]>
</failure>
<system-out>
<![CDATA[
[[ATTACHMENT|../../test-results/02-core-features-Core-Feat-f70a0-ion-with-email-verification-chromium/error-context.md]]
]]>
</system-out>
</testcase>
<testcase name="Core Feature Workflows › Authentication Flow › password reset flow" classname="02-core-features.spec.ts" time="0.091">
<failure message="02-core-features.spec.ts:57:9 password reset flow" type="FAILURE">
<![CDATA[  [chromium] › 02-core-features.spec.ts:57:9 › Core Feature Workflows › Authentication Flow › password reset flow 

    Error: browserType.launch: 
    ╔══════════════════════════════════════════════════════╗
    ║ Host system is missing dependencies to run browsers. ║
    ║ Please install them with the following command:      ║
    ║                                                      ║
    ║     sudo npx playwright install-deps                 ║
    ║                                                      ║
    ║ Alternatively, use apt:                              ║
    ║     sudo apt-get install libnss3\                    ║
    ║         libnspr4                                     ║
    ║                                                      ║
    ║ <3 Playwright Team                                   ║
    ╚══════════════════════════════════════════════════════╝

    Error Context: ../../test-results/02-core-features-Core-Feat-8e742-on-Flow-password-reset-flow-chromium/error-context.md
]]>
</failure>
<system-out>
<![CDATA[
[[ATTACHMENT|../../test-results/02-core-features-Core-Feat-8e742-on-Flow-password-reset-flow-chromium/error-context.md]]
]]>
</system-out>
</testcase>
<testcase name="Core Feature Workflows › Authentication Flow › session management and timeout" classname="02-core-features.spec.ts" time="0.063">
<failure message="02-core-features.spec.ts:82:9 session management and timeout" type="FAILURE">
<![CDATA[  [chromium] › 02-core-features.spec.ts:82:9 › Core Feature Workflows › Authentication Flow › session management and timeout 

    Error: browserType.launch: 
    ╔══════════════════════════════════════════════════════╗
    ║ Host system is missing dependencies to run browsers. ║
    ║ Please install them with the following command:      ║
    ║                                                      ║
    ║     sudo npx playwright install-deps                 ║
    ║                                                      ║
    ║ Alternatively, use apt:                              ║
    ║     sudo apt-get install libnss3\                    ║
    ║         libnspr4                                     ║
    ║                                                      ║
    ║ <3 Playwright Team                                   ║
    ╚══════════════════════════════════════════════════════╝

    Error Context: ../../test-results/02-core-features-Core-Feat-726a3-sion-management-and-timeout-chromium/error-context.md
]]>
</failure>
<system-out>
<![CDATA[
[[ATTACHMENT|../../test-results/02-core-features-Core-Feat-726a3-sion-management-and-timeout-chromium/error-context.md]]
]]>
</system-out>
</testcase>
<testcase name="Core Feature Workflows › Applicant Management › complete CRUD operations" classname="02-core-features.spec.ts" time="0.058">
<failure message="02-core-features.spec.ts:107:9 complete CRUD operations" type="FAILURE">
<![CDATA[  [chromium] › 02-core-features.spec.ts:107:9 › Core Feature Workflows › Applicant Management › complete CRUD operations 

    Error: browserType.launch: 
    ╔══════════════════════════════════════════════════════╗
    ║ Host system is missing dependencies to run browsers. ║
    ║ Please install them with the following command:      ║
    ║                                                      ║
    ║     sudo npx playwright install-deps                 ║
    ║                                                      ║
    ║ Alternatively, use apt:                              ║
    ║     sudo apt-get install libnss3\                    ║
    ║         libnspr4                                     ║
    ║                                                      ║
    ║ <3 Playwright Team                                   ║
    ╚══════════════════════════════════════════════════════╝

    Error Context: ../../test-results/02-core-features-Core-Feat-3b43f-nt-complete-CRUD-operations-chromium/error-context.md
]]>
</failure>
<system-out>
<![CDATA[
[[ATTACHMENT|../../test-results/02-core-features-Core-Feat-3b43f-nt-complete-CRUD-operations-chromium/error-context.md]]
]]>
</system-out>
</testcase>
<testcase name="Core Feature Workflows › Applicant Management › search and filter functionality" classname="02-core-features.spec.ts" time="0.06">
<failure message="02-core-features.spec.ts:143:9 search and filter functionality" type="FAILURE">
<![CDATA[  [chromium] › 02-core-features.spec.ts:143:9 › Core Feature Workflows › Applicant Management › search and filter functionality 

    Error: browserType.launch: 
    ╔══════════════════════════════════════════════════════╗
    ║ Host system is missing dependencies to run browsers. ║
    ║ Please install them with the following command:      ║
    ║                                                      ║
    ║     sudo npx playwright install-deps                 ║
    ║                                                      ║
    ║ Alternatively, use apt:                              ║
    ║     sudo apt-get install libnss3\                    ║
    ║         libnspr4                                     ║
    ║                                                      ║
    ║ <3 Playwright Team                                   ║
    ╚══════════════════════════════════════════════════════╝

    Error Context: ../../test-results/02-core-features-Core-Feat-3a5b6-ch-and-filter-functionality-chromium/error-context.md
]]>
</failure>
<system-out>
<![CDATA[
[[ATTACHMENT|../../test-results/02-core-features-Core-Feat-3a5b6-ch-and-filter-functionality-chromium/error-context.md]]
]]>
</system-out>
</testcase>
<testcase name="Core Feature Workflows › Applicant Management › bulk operations" classname="02-core-features.spec.ts" time="0.078">
<failure message="02-core-features.spec.ts:173:9 bulk operations" type="FAILURE">
<![CDATA[  [chromium] › 02-core-features.spec.ts:173:9 › Core Feature Workflows › Applicant Management › bulk operations 

    Error: browserType.launch: 
    ╔══════════════════════════════════════════════════════╗
    ║ Host system is missing dependencies to run browsers. ║
    ║ Please install them with the following command:      ║
    ║                                                      ║
    ║     sudo npx playwright install-deps                 ║
    ║                                                      ║
    ║ Alternatively, use apt:                              ║
    ║     sudo apt-get install libnss3\                    ║
    ║         libnspr4                                     ║
    ║                                                      ║
    ║ <3 Playwright Team                                   ║
    ╚══════════════════════════════════════════════════════╝

    Error Context: ../../test-results/02-core-features-Core-Feat-cd951--Management-bulk-operations-chromium/error-context.md
]]>
</failure>
<system-out>
<![CDATA[
[[ATTACHMENT|../../test-results/02-core-features-Core-Feat-cd951--Management-bulk-operations-chromium/error-context.md]]
]]>
</system-out>
</testcase>
<testcase name="Core Feature Workflows › Project Management › create and edit project with all details" classname="02-core-features.spec.ts" time="0.084">
<failure message="02-core-features.spec.ts:195:9 create and edit project with all details" type="FAILURE">
<![CDATA[  [chromium] › 02-core-features.spec.ts:195:9 › Core Feature Workflows › Project Management › create and edit project with all details 

    Error: browserType.launch: 
    ╔══════════════════════════════════════════════════════╗
    ║ Host system is missing dependencies to run browsers. ║
    ║ Please install them with the following command:      ║
    ║                                                      ║
    ║     sudo npx playwright install-deps                 ║
    ║                                                      ║
    ║ Alternatively, use apt:                              ║
    ║     sudo apt-get install libnss3\                    ║
    ║         libnspr4                                     ║
    ║                                                      ║
    ║ <3 Playwright Team                                   ║
    ╚══════════════════════════════════════════════════════╝

    Error Context: ../../test-results/02-core-features-Core-Feat-5e65c-it-project-with-all-details-chromium/error-context.md
]]>
</failure>
<system-out>
<![CDATA[
[[ATTACHMENT|../../test-results/02-core-features-Core-Feat-5e65c-it-project-with-all-details-chromium/error-context.md]]
]]>
</system-out>
</testcase>
<testcase name="Core Feature Workflows › Project Management › project visibility and publishing" classname="02-core-features.spec.ts" time="0.081">
<failure message="02-core-features.spec.ts:219:9 project visibility and publishing" type="FAILURE">
<![CDATA[  [chromium] › 02-core-features.spec.ts:219:9 › Core Feature Workflows › Project Management › project visibility and publishing 

    Error: browserType.launch: 
    ╔══════════════════════════════════════════════════════╗
    ║ Host system is missing dependencies to run browsers. ║
    ║ Please install them with the following command:      ║
    ║                                                      ║
    ║     sudo npx playwright install-deps                 ║
    ║                                                      ║
    ║ Alternatively, use apt:                              ║
    ║     sudo apt-get install libnss3\                    ║
    ║         libnspr4                                     ║
    ║                                                      ║
    ║ <3 Playwright Team                                   ║
    ╚══════════════════════════════════════════════════════╝

    Error Context: ../../test-results/02-core-features-Core-Feat-aa148-t-visibility-and-publishing-chromium/error-context.md
]]>
</failure>
<system-out>
<![CDATA[
[[ATTACHMENT|../../test-results/02-core-features-Core-Feat-aa148-t-visibility-and-publishing-chromium/error-context.md]]
]]>
</system-out>
</testcase>
<testcase name="Core Feature Workflows › Application Process › complete application workflow" classname="02-core-features.spec.ts" time="0.071">
<failure message="02-core-features.spec.ts:244:9 complete application workflow" type="FAILURE">
<![CDATA[  [chromium] › 02-core-features.spec.ts:244:9 › Core Feature Workflows › Application Process › complete application workflow 

    Error: browserType.launch: 
    ╔══════════════════════════════════════════════════════╗
    ║ Host system is missing dependencies to run browsers. ║
    ║ Please install them with the following command:      ║
    ║                                                      ║
    ║     sudo npx playwright install-deps                 ║
    ║                                                      ║
    ║ Alternatively, use apt:                              ║
    ║     sudo apt-get install libnss3\                    ║
    ║         libnspr4                                     ║
    ║                                                      ║
    ║ <3 Playwright Team                                   ║
    ╚══════════════════════════════════════════════════════╝

    Error Context: ../../test-results/02-core-features-Core-Feat-2119c-mplete-application-workflow-chromium/error-context.md
]]>
</failure>
<system-out>
<![CDATA[
[[ATTACHMENT|../../test-results/02-core-features-Core-Feat-2119c-mplete-application-workflow-chromium/error-context.md]]
]]>
</system-out>
</testcase>
<testcase name="Core Feature Workflows › File Management › upload and download documents" classname="02-core-features.spec.ts" time="0.064">
<failure message="02-core-features.spec.ts:334:9 upload and download documents" type="FAILURE">
<![CDATA[  [chromium] › 02-core-features.spec.ts:334:9 › Core Feature Workflows › File Management › upload and download documents 

    Error: browserType.launch: 
    ╔══════════════════════════════════════════════════════╗
    ║ Host system is missing dependencies to run browsers. ║
    ║ Please install them with the following command:      ║
    ║                                                      ║
    ║     sudo npx playwright install-deps                 ║
    ║                                                      ║
    ║ Alternatively, use apt:                              ║
    ║     sudo apt-get install libnss3\                    ║
    ║         libnspr4                                     ║
    ║                                                      ║
    ║ <3 Playwright Team                                   ║
    ╚══════════════════════════════════════════════════════╝

    Error Context: ../../test-results/02-core-features-Core-Feat-19268-load-and-download-documents-chromium/error-context.md
]]>
</failure>
<system-out>
<![CDATA[
[[ATTACHMENT|../../test-results/02-core-features-Core-Feat-19268-load-and-download-documents-chromium/error-context.md]]
]]>
</system-out>
</testcase>
<testcase name="Core Feature Workflows › File Management › file encryption verification" classname="02-core-features.spec.ts" time="0.064">
<failure message="02-core-features.spec.ts:362:9 file encryption verification" type="FAILURE">
<![CDATA[  [chromium] › 02-core-features.spec.ts:362:9 › Core Feature Workflows › File Management › file encryption verification 

    Error: browserType.launch: 
    ╔══════════════════════════════════════════════════════╗
    ║ Host system is missing dependencies to run browsers. ║
    ║ Please install them with the following command:      ║
    ║                                                      ║
    ║     sudo npx playwright install-deps                 ║
    ║                                                      ║
    ║ Alternatively, use apt:                              ║
    ║     sudo apt-get install libnss3\                    ║
    ║         libnspr4                                     ║
    ║                                                      ║
    ║ <3 Playwright Team                                   ║
    ╚══════════════════════════════════════════════════════╝

    Error Context: ../../test-results/02-core-features-Core-Feat-0eb2b-ile-encryption-verification-chromium/error-context.md
]]>
</failure>
<system-out>
<![CDATA[
[[ATTACHMENT|../../test-results/02-core-features-Core-Feat-0eb2b-ile-encryption-verification-chromium/error-context.md]]
]]>
</system-out>
</testcase>
<testcase name="Core Feature Workflows › Communication Features › email notifications workflow" classname="02-core-features.spec.ts" time="0.058">
<failure message="02-core-features.spec.ts:369:9 email notifications workflow" type="FAILURE">
<![CDATA[  [chromium] › 02-core-features.spec.ts:369:9 › Core Feature Workflows › Communication Features › email notifications workflow 

    Error: browserType.launch: 
    ╔══════════════════════════════════════════════════════╗
    ║ Host system is missing dependencies to run browsers. ║
    ║ Please install them with the following command:      ║
    ║                                                      ║
    ║     sudo npx playwright install-deps                 ║
    ║                                                      ║
    ║ Alternatively, use apt:                              ║
    ║     sudo apt-get install libnss3\                    ║
    ║         libnspr4                                     ║
    ║                                                      ║
    ║ <3 Playwright Team                                   ║
    ╚══════════════════════════════════════════════════════╝

    Error Context: ../../test-results/02-core-features-Core-Feat-84438-mail-notifications-workflow-chromium/error-context.md
]]>
</failure>
<system-out>
<![CDATA[
[[ATTACHMENT|../../test-results/02-core-features-Core-Feat-84438-mail-notifications-workflow-chromium/error-context.md]]
]]>
</system-out>
</testcase>
<testcase name="Core Feature Workflows › Communication Features › in-app notifications" classname="02-core-features.spec.ts" time="0.072">
<failure message="02-core-features.spec.ts:394:9 in-app notifications" type="FAILURE">
<![CDATA[  [chromium] › 02-core-features.spec.ts:394:9 › Core Feature Workflows › Communication Features › in-app notifications 

    Error: browserType.launch: 
    ╔══════════════════════════════════════════════════════╗
    ║ Host system is missing dependencies to run browsers. ║
    ║ Please install them with the following command:      ║
    ║                                                      ║
    ║     sudo npx playwright install-deps                 ║
    ║                                                      ║
    ║ Alternatively, use apt:                              ║
    ║     sudo apt-get install libnss3\                    ║
    ║         libnspr4                                     ║
    ║                                                      ║
    ║ <3 Playwright Team                                   ║
    ╚══════════════════════════════════════════════════════╝

    Error Context: ../../test-results/02-core-features-Core-Feat-9f346-atures-in-app-notifications-chromium/error-context.md
]]>
</failure>
<system-out>
<![CDATA[
[[ATTACHMENT|../../test-results/02-core-features-Core-Feat-9f346-atures-in-app-notifications-chromium/error-context.md]]
]]>
</system-out>
</testcase>
</testsuite>
<testsuite name="03-security-features.spec.ts" timestamp="2025-06-30T19:50:57.388Z" hostname="chromium" tests="15" failures="15" skipped="0" time="0.996" errors="0">
<testcase name="Security Feature Validation › Rate Limiting › login attempts rate limiting" classname="03-security-features.spec.ts" time="0.067">
<failure message="03-security-features.spec.ts:13:9 login attempts rate limiting" type="FAILURE">
<![CDATA[  [chromium] › 03-security-features.spec.ts:13:9 › Security Feature Validation › Rate Limiting › login attempts rate limiting 

    Error: browserType.launch: 
    ╔══════════════════════════════════════════════════════╗
    ║ Host system is missing dependencies to run browsers. ║
    ║ Please install them with the following command:      ║
    ║                                                      ║
    ║     sudo npx playwright install-deps                 ║
    ║                                                      ║
    ║ Alternatively, use apt:                              ║
    ║     sudo apt-get install libnss3\                    ║
    ║         libnspr4                                     ║
    ║                                                      ║
    ║ <3 Playwright Team                                   ║
    ╚══════════════════════════════════════════════════════╝

    Error Context: ../../test-results/03-security-features-Secur-3819a-ogin-attempts-rate-limiting-chromium/error-context.md
]]>
</failure>
<system-out>
<![CDATA[
[[ATTACHMENT|../../test-results/03-security-features-Secur-3819a-ogin-attempts-rate-limiting-chromium/error-context.md]]
]]>
</system-out>
</testcase>
<testcase name="Security Feature Validation › Rate Limiting › API endpoint rate limiting" classname="03-security-features.spec.ts" time="0.06">
<failure message="03-security-features.spec.ts:43:9 API endpoint rate limiting" type="FAILURE">
<![CDATA[  [chromium] › 03-security-features.spec.ts:43:9 › Security Feature Validation › Rate Limiting › API endpoint rate limiting 

    Error: browserType.launch: 
    ╔══════════════════════════════════════════════════════╗
    ║ Host system is missing dependencies to run browsers. ║
    ║ Please install them with the following command:      ║
    ║                                                      ║
    ║     sudo npx playwright install-deps                 ║
    ║                                                      ║
    ║ Alternatively, use apt:                              ║
    ║     sudo apt-get install libnss3\                    ║
    ║         libnspr4                                     ║
    ║                                                      ║
    ║ <3 Playwright Team                                   ║
    ╚══════════════════════════════════════════════════════╝

    Error Context: ../../test-results/03-security-features-Secur-3eee9--API-endpoint-rate-limiting-chromium/error-context.md
]]>
</failure>
<system-out>
<![CDATA[
[[ATTACHMENT|../../test-results/03-security-features-Secur-3eee9--API-endpoint-rate-limiting-chromium/error-context.md]]
]]>
</system-out>
</testcase>
<testcase name="Security Feature Validation › PII Encryption › verify PII data is encrypted in transit" classname="03-security-features.spec.ts" time="0.061">
<failure message="03-security-features.spec.ts:70:9 verify PII data is encrypted in transit" type="FAILURE">
<![CDATA[  [chromium] › 03-security-features.spec.ts:70:9 › Security Feature Validation › PII Encryption › verify PII data is encrypted in transit 

    Error: browserType.launch: 
    ╔══════════════════════════════════════════════════════╗
    ║ Host system is missing dependencies to run browsers. ║
    ║ Please install them with the following command:      ║
    ║                                                      ║
    ║     sudo npx playwright install-deps                 ║
    ║                                                      ║
    ║ Alternatively, use apt:                              ║
    ║     sudo apt-get install libnss3\                    ║
    ║         libnspr4                                     ║
    ║                                                      ║
    ║ <3 Playwright Team                                   ║
    ╚══════════════════════════════════════════════════════╝

    Error Context: ../../test-results/03-security-features-Secur-65683-ata-is-encrypted-in-transit-chromium/error-context.md
]]>
</failure>
<system-out>
<![CDATA[
[[ATTACHMENT|../../test-results/03-security-features-Secur-65683-ata-is-encrypted-in-transit-chromium/error-context.md]]
]]>
</system-out>
</testcase>
<testcase name="Security Feature Validation › PII Encryption › verify PII is masked in UI" classname="03-security-features.spec.ts" time="0.077">
<failure message="03-security-features.spec.ts:99:9 verify PII is masked in UI" type="FAILURE">
<![CDATA[  [chromium] › 03-security-features.spec.ts:99:9 › Security Feature Validation › PII Encryption › verify PII is masked in UI 

    Error: browserType.launch: 
    ╔══════════════════════════════════════════════════════╗
    ║ Host system is missing dependencies to run browsers. ║
    ║ Please install them with the following command:      ║
    ║                                                      ║
    ║     sudo npx playwright install-deps                 ║
    ║                                                      ║
    ║ Alternatively, use apt:                              ║
    ║     sudo apt-get install libnss3\                    ║
    ║         libnspr4                                     ║
    ║                                                      ║
    ║ <3 Playwright Team                                   ║
    ╚══════════════════════════════════════════════════════╝

    Error Context: ../../test-results/03-security-features-Secur-b6a20--verify-PII-is-masked-in-UI-chromium/error-context.md
]]>
</failure>
<system-out>
<![CDATA[
[[ATTACHMENT|../../test-results/03-security-features-Secur-b6a20--verify-PII-is-masked-in-UI-chromium/error-context.md]]
]]>
</system-out>
</testcase>
<testcase name="Security Feature Validation › Role-Based Access Control › verify role restrictions are enforced" classname="03-security-features.spec.ts" time="0.073">
<failure message="03-security-features.spec.ts:140:9 verify role restrictions are enforced" type="FAILURE">
<![CDATA[  [chromium] › 03-security-features.spec.ts:140:9 › Security Feature Validation › Role-Based Access Control › verify role restrictions are enforced 

    Error: browserType.launch: 
    ╔══════════════════════════════════════════════════════╗
    ║ Host system is missing dependencies to run browsers. ║
    ║ Please install them with the following command:      ║
    ║                                                      ║
    ║     sudo npx playwright install-deps                 ║
    ║                                                      ║
    ║ Alternatively, use apt:                              ║
    ║     sudo apt-get install libnss3\                    ║
    ║         libnspr4                                     ║
    ║                                                      ║
    ║ <3 Playwright Team                                   ║
    ╚══════════════════════════════════════════════════════╝

    Error Context: ../../test-results/03-security-features-Secur-ab296-e-restrictions-are-enforced-chromium/error-context.md
]]>
</failure>
<system-out>
<![CDATA[
[[ATTACHMENT|../../test-results/03-security-features-Secur-ab296-e-restrictions-are-enforced-chromium/error-context.md]]
]]>
</system-out>
</testcase>
<testcase name="Security Feature Validation › Role-Based Access Control › verify API endpoint authorization" classname="03-security-features.spec.ts" time="0.054">
<failure message="03-security-features.spec.ts:181:9 verify API endpoint authorization" type="FAILURE">
<![CDATA[  [chromium] › 03-security-features.spec.ts:181:9 › Security Feature Validation › Role-Based Access Control › verify API endpoint authorization 

    Error: browserType.launch: 
    ╔══════════════════════════════════════════════════════╗
    ║ Host system is missing dependencies to run browsers. ║
    ║ Please install them with the following command:      ║
    ║                                                      ║
    ║     sudo npx playwright install-deps                 ║
    ║                                                      ║
    ║ Alternatively, use apt:                              ║
    ║     sudo apt-get install libnss3\                    ║
    ║         libnspr4                                     ║
    ║                                                      ║
    ║ <3 Playwright Team                                   ║
    ╚══════════════════════════════════════════════════════╝

    Error Context: ../../test-results/03-security-features-Secur-e648d--API-endpoint-authorization-chromium/error-context.md
]]>
</failure>
<system-out>
<![CDATA[
[[ATTACHMENT|../../test-results/03-security-features-Secur-e648d--API-endpoint-authorization-chromium/error-context.md]]
]]>
</system-out>
</testcase>
<testcase name="Security Feature Validation › CORS Configuration › verify CORS headers are properly set" classname="03-security-features.spec.ts" time="0.056">
<failure message="03-security-features.spec.ts:220:9 verify CORS headers are properly set" type="FAILURE">
<![CDATA[  [chromium] › 03-security-features.spec.ts:220:9 › Security Feature Validation › CORS Configuration › verify CORS headers are properly set 

    Error: browserType.launch: 
    ╔══════════════════════════════════════════════════════╗
    ║ Host system is missing dependencies to run browsers. ║
    ║ Please install them with the following command:      ║
    ║                                                      ║
    ║     sudo npx playwright install-deps                 ║
    ║                                                      ║
    ║ Alternatively, use apt:                              ║
    ║     sudo apt-get install libnss3\                    ║
    ║         libnspr4                                     ║
    ║                                                      ║
    ║ <3 Playwright Team                                   ║
    ╚══════════════════════════════════════════════════════╝

    Error Context: ../../test-results/03-security-features-Secur-6f337-RS-headers-are-properly-set-chromium/error-context.md
]]>
</failure>
<system-out>
<![CDATA[
[[ATTACHMENT|../../test-results/03-security-features-Secur-6f337-RS-headers-are-properly-set-chromium/error-context.md]]
]]>
</system-out>
</testcase>
<testcase name="Security Feature Validation › CORS Configuration › verify CORS blocks unauthorized origins" classname="03-security-features.spec.ts" time="0.075">
<failure message="03-security-features.spec.ts:232:9 verify CORS blocks unauthorized origins" type="FAILURE">
<![CDATA[  [chromium] › 03-security-features.spec.ts:232:9 › Security Feature Validation › CORS Configuration › verify CORS blocks unauthorized origins 

    Error: browserType.launch: 
    ╔══════════════════════════════════════════════════════╗
    ║ Host system is missing dependencies to run browsers. ║
    ║ Please install them with the following command:      ║
    ║                                                      ║
    ║     sudo npx playwright install-deps                 ║
    ║                                                      ║
    ║ Alternatively, use apt:                              ║
    ║     sudo apt-get install libnss3\                    ║
    ║         libnspr4                                     ║
    ║                                                      ║
    ║ <3 Playwright Team                                   ║
    ╚══════════════════════════════════════════════════════╝

    Error Context: ../../test-results/03-security-features-Secur-1762a-blocks-unauthorized-origins-chromium/error-context.md
]]>
</failure>
<system-out>
<![CDATA[
[[ATTACHMENT|../../test-results/03-security-features-Secur-1762a-blocks-unauthorized-origins-chromium/error-context.md]]
]]>
</system-out>
</testcase>
<testcase name="Security Feature Validation › Session Management › verify session timeout works correctly" classname="03-security-features.spec.ts" time="0.06">
<failure message="03-security-features.spec.ts:246:9 verify session timeout works correctly" type="FAILURE">
<![CDATA[  [chromium] › 03-security-features.spec.ts:246:9 › Security Feature Validation › Session Management › verify session timeout works correctly 

    Error: browserType.launch: 
    ╔══════════════════════════════════════════════════════╗
    ║ Host system is missing dependencies to run browsers. ║
    ║ Please install them with the following command:      ║
    ║                                                      ║
    ║     sudo npx playwright install-deps                 ║
    ║                                                      ║
    ║ Alternatively, use apt:                              ║
    ║     sudo apt-get install libnss3\                    ║
    ║         libnspr4                                     ║
    ║                                                      ║
    ║ <3 Playwright Team                                   ║
    ╚══════════════════════════════════════════════════════╝

    Error Context: ../../test-results/03-security-features-Secur-e0bf5-ion-timeout-works-correctly-chromium/error-context.md
]]>
</failure>
<system-out>
<![CDATA[
[[ATTACHMENT|../../test-results/03-security-features-Secur-e0bf5-ion-timeout-works-correctly-chromium/error-context.md]]
]]>
</system-out>
</testcase>
<testcase name="Security Feature Validation › Session Management › verify concurrent session handling" classname="03-security-features.spec.ts" time="0.054">
<failure message="03-security-features.spec.ts:276:9 verify concurrent session handling" type="FAILURE">
<![CDATA[  [chromium] › 03-security-features.spec.ts:276:9 › Security Feature Validation › Session Management › verify concurrent session handling 

    Error: browserType.launch: 
    ╔══════════════════════════════════════════════════════╗
    ║ Host system is missing dependencies to run browsers. ║
    ║ Please install them with the following command:      ║
    ║                                                      ║
    ║     sudo npx playwright install-deps                 ║
    ║                                                      ║
    ║ Alternatively, use apt:                              ║
    ║     sudo apt-get install libnss3\                    ║
    ║         libnspr4                                     ║
    ║                                                      ║
    ║ <3 Playwright Team                                   ║
    ╚══════════════════════════════════════════════════════╝

    Error Context: ../../test-results/03-security-features-Secur-af177-concurrent-session-handling-chromium/error-context.md
]]>
</failure>
<system-out>
<![CDATA[
[[ATTACHMENT|../../test-results/03-security-features-Secur-af177-concurrent-session-handling-chromium/error-context.md]]
]]>
</system-out>
</testcase>
<testcase name="Security Feature Validation › Input Validation &amp; Sanitization › verify XSS protection" classname="03-security-features.spec.ts" time="0.056">
<failure message="03-security-features.spec.ts:305:9 verify XSS protection" type="FAILURE">
<![CDATA[  [chromium] › 03-security-features.spec.ts:305:9 › Security Feature Validation › Input Validation & Sanitization › verify XSS protection 

    Error: browserType.launch: 
    ╔══════════════════════════════════════════════════════╗
    ║ Host system is missing dependencies to run browsers. ║
    ║ Please install them with the following command:      ║
    ║                                                      ║
    ║     sudo npx playwright install-deps                 ║
    ║                                                      ║
    ║ Alternatively, use apt:                              ║
    ║     sudo apt-get install libnss3\                    ║
    ║         libnspr4                                     ║
    ║                                                      ║
    ║ <3 Playwright Team                                   ║
    ╚══════════════════════════════════════════════════════╝

    Error Context: ../../test-results/03-security-features-Secur-67345-ation-verify-XSS-protection-chromium/error-context.md
]]>
</failure>
<system-out>
<![CDATA[
[[ATTACHMENT|../../test-results/03-security-features-Secur-67345-ation-verify-XSS-protection-chromium/error-context.md]]
]]>
</system-out>
</testcase>
<testcase name="Security Feature Validation › Input Validation &amp; Sanitization › verify SQL injection protection" classname="03-security-features.spec.ts" time="0.086">
<failure message="03-security-features.spec.ts:343:9 verify SQL injection protection" type="FAILURE">
<![CDATA[  [chromium] › 03-security-features.spec.ts:343:9 › Security Feature Validation › Input Validation & Sanitization › verify SQL injection protection 

    Error: browserType.launch: 
    ╔══════════════════════════════════════════════════════╗
    ║ Host system is missing dependencies to run browsers. ║
    ║ Please install them with the following command:      ║
    ║                                                      ║
    ║     sudo npx playwright install-deps                 ║
    ║                                                      ║
    ║ Alternatively, use apt:                              ║
    ║     sudo apt-get install libnss3\                    ║
    ║         libnspr4                                     ║
    ║                                                      ║
    ║ <3 Playwright Team                                   ║
    ╚══════════════════════════════════════════════════════╝

    Error Context: ../../test-results/03-security-features-Secur-5ec39-fy-SQL-injection-protection-chromium/error-context.md
]]>
</failure>
<system-out>
<![CDATA[
[[ATTACHMENT|../../test-results/03-security-features-Secur-5ec39-fy-SQL-injection-protection-chromium/error-context.md]]
]]>
</system-out>
</testcase>
<testcase name="Security Feature Validation › File Security › verify malicious file upload protection" classname="03-security-features.spec.ts" time="0.075">
<failure message="03-security-features.spec.ts:369:9 verify malicious file upload protection" type="FAILURE">
<![CDATA[  [chromium] › 03-security-features.spec.ts:369:9 › Security Feature Validation › File Security › verify malicious file upload protection 

    Error: browserType.launch: 
    ╔══════════════════════════════════════════════════════╗
    ║ Host system is missing dependencies to run browsers. ║
    ║ Please install them with the following command:      ║
    ║                                                      ║
    ║     sudo npx playwright install-deps                 ║
    ║                                                      ║
    ║ Alternatively, use apt:                              ║
    ║     sudo apt-get install libnss3\                    ║
    ║         libnspr4                                     ║
    ║                                                      ║
    ║ <3 Playwright Team                                   ║
    ╚══════════════════════════════════════════════════════╝

    Error Context: ../../test-results/03-security-features-Secur-ac51f-ious-file-upload-protection-chromium/error-context.md
]]>
</failure>
<system-out>
<![CDATA[
[[ATTACHMENT|../../test-results/03-security-features-Secur-ac51f-ious-file-upload-protection-chromium/error-context.md]]
]]>
</system-out>
</testcase>
<testcase name="Security Feature Validation › File Security › verify file size limits" classname="03-security-features.spec.ts" time="0.083">
<failure message="03-security-features.spec.ts:396:9 verify file size limits" type="FAILURE">
<![CDATA[  [chromium] › 03-security-features.spec.ts:396:9 › Security Feature Validation › File Security › verify file size limits 

    Error: browserType.launch: 
    ╔══════════════════════════════════════════════════════╗
    ║ Host system is missing dependencies to run browsers. ║
    ║ Please install them with the following command:      ║
    ║                                                      ║
    ║     sudo npx playwright install-deps                 ║
    ║                                                      ║
    ║ Alternatively, use apt:                              ║
    ║     sudo apt-get install libnss3\                    ║
    ║         libnspr4                                     ║
    ║                                                      ║
    ║ <3 Playwright Team                                   ║
    ╚══════════════════════════════════════════════════════╝

    Error Context: ../../test-results/03-security-features-Secur-135f2-ity-verify-file-size-limits-chromium/error-context.md
]]>
</failure>
<system-out>
<![CDATA[
[[ATTACHMENT|../../test-results/03-security-features-Secur-135f2-ity-verify-file-size-limits-chromium/error-context.md]]
]]>
</system-out>
</testcase>
<testcase name="Security Feature Validation › Audit Logging › verify sensitive actions are logged" classname="03-security-features.spec.ts" time="0.059">
<failure message="03-security-features.spec.ts:416:9 verify sensitive actions are logged" type="FAILURE">
<![CDATA[  [chromium] › 03-security-features.spec.ts:416:9 › Security Feature Validation › Audit Logging › verify sensitive actions are logged 

    Error: browserType.launch: 
    ╔══════════════════════════════════════════════════════╗
    ║ Host system is missing dependencies to run browsers. ║
    ║ Please install them with the following command:      ║
    ║                                                      ║
    ║     sudo npx playwright install-deps                 ║
    ║                                                      ║
    ║ Alternatively, use apt:                              ║
    ║     sudo apt-get install libnss3\                    ║
    ║         libnspr4                                     ║
    ║                                                      ║
    ║ <3 Playwright Team                                   ║
    ╚══════════════════════════════════════════════════════╝

    Error Context: ../../test-results/03-security-features-Secur-12ba0-ensitive-actions-are-logged-chromium/error-context.md
]]>
</failure>
<system-out>
<![CDATA[
[[ATTACHMENT|../../test-results/03-security-features-Secur-12ba0-ensitive-actions-are-logged-chromium/error-context.md]]
]]>
</system-out>
</testcase>
</testsuite>
<testsuite name="04-ui-ux-components.spec.ts" timestamp="2025-06-30T19:50:57.388Z" hostname="chromium" tests="23" failures="23" skipped="0" time="1.626" errors="0">
<testcase name="UI/UX Component Testing › Responsive Design › responsive layout on Mobile Portrait" classname="04-ui-ux-components.spec.ts" time="0.089">
<failure message="04-ui-ux-components.spec.ts:23:11 responsive layout on Mobile Portrait" type="FAILURE">
<![CDATA[  [chromium] › 04-ui-ux-components.spec.ts:23:11 › UI/UX Component Testing › Responsive Design › responsive layout on Mobile Portrait 

    Error: browserType.launch: 
    ╔══════════════════════════════════════════════════════╗
    ║ Host system is missing dependencies to run browsers. ║
    ║ Please install them with the following command:      ║
    ║                                                      ║
    ║     sudo npx playwright install-deps                 ║
    ║                                                      ║
    ║ Alternatively, use apt:                              ║
    ║     sudo apt-get install libnss3\                    ║
    ║         libnspr4                                     ║
    ║                                                      ║
    ║ <3 Playwright Team                                   ║
    ╚══════════════════════════════════════════════════════╝

    Error Context: ../../test-results/04-ui-ux-components-UI-UX--594b0-e-layout-on-Mobile-Portrait-chromium/error-context.md
]]>
</failure>
<system-out>
<![CDATA[
[[ATTACHMENT|../../test-results/04-ui-ux-components-UI-UX--594b0-e-layout-on-Mobile-Portrait-chromium/error-context.md]]
]]>
</system-out>
</testcase>
<testcase name="UI/UX Component Testing › Responsive Design › responsive layout on Mobile Landscape" classname="04-ui-ux-components.spec.ts" time="0.07">
<failure message="04-ui-ux-components.spec.ts:23:11 responsive layout on Mobile Landscape" type="FAILURE">
<![CDATA[  [chromium] › 04-ui-ux-components.spec.ts:23:11 › UI/UX Component Testing › Responsive Design › responsive layout on Mobile Landscape 

    Error: browserType.launch: 
    ╔══════════════════════════════════════════════════════╗
    ║ Host system is missing dependencies to run browsers. ║
    ║ Please install them with the following command:      ║
    ║                                                      ║
    ║     sudo npx playwright install-deps                 ║
    ║                                                      ║
    ║ Alternatively, use apt:                              ║
    ║     sudo apt-get install libnss3\                    ║
    ║         libnspr4                                     ║
    ║                                                      ║
    ║ <3 Playwright Team                                   ║
    ╚══════════════════════════════════════════════════════╝

    Error Context: ../../test-results/04-ui-ux-components-UI-UX--44f02--layout-on-Mobile-Landscape-chromium/error-context.md
]]>
</failure>
<system-out>
<![CDATA[
[[ATTACHMENT|../../test-results/04-ui-ux-components-UI-UX--44f02--layout-on-Mobile-Landscape-chromium/error-context.md]]
]]>
</system-out>
</testcase>
<testcase name="UI/UX Component Testing › Responsive Design › responsive layout on Tablet Portrait" classname="04-ui-ux-components.spec.ts" time="0.061">
<failure message="04-ui-ux-components.spec.ts:23:11 responsive layout on Tablet Portrait" type="FAILURE">
<![CDATA[  [chromium] › 04-ui-ux-components.spec.ts:23:11 › UI/UX Component Testing › Responsive Design › responsive layout on Tablet Portrait 

    Error: browserType.launch: 
    ╔══════════════════════════════════════════════════════╗
    ║ Host system is missing dependencies to run browsers. ║
    ║ Please install them with the following command:      ║
    ║                                                      ║
    ║     sudo npx playwright install-deps                 ║
    ║                                                      ║
    ║ Alternatively, use apt:                              ║
    ║     sudo apt-get install libnss3\                    ║
    ║         libnspr4                                     ║
    ║                                                      ║
    ║ <3 Playwright Team                                   ║
    ╚══════════════════════════════════════════════════════╝

    Error Context: ../../test-results/04-ui-ux-components-UI-UX--1c7ad-e-layout-on-Tablet-Portrait-chromium/error-context.md
]]>
</failure>
<system-out>
<![CDATA[
[[ATTACHMENT|../../test-results/04-ui-ux-components-UI-UX--1c7ad-e-layout-on-Tablet-Portrait-chromium/error-context.md]]
]]>
</system-out>
</testcase>
<testcase name="UI/UX Component Testing › Responsive Design › responsive layout on Tablet Landscape" classname="04-ui-ux-components.spec.ts" time="0.089">
<failure message="04-ui-ux-components.spec.ts:23:11 responsive layout on Tablet Landscape" type="FAILURE">
<![CDATA[  [chromium] › 04-ui-ux-components.spec.ts:23:11 › UI/UX Component Testing › Responsive Design › responsive layout on Tablet Landscape 

    Error: browserType.launch: 
    ╔══════════════════════════════════════════════════════╗
    ║ Host system is missing dependencies to run browsers. ║
    ║ Please install them with the following command:      ║
    ║                                                      ║
    ║     sudo npx playwright install-deps                 ║
    ║                                                      ║
    ║ Alternatively, use apt:                              ║
    ║     sudo apt-get install libnss3\                    ║
    ║         libnspr4                                     ║
    ║                                                      ║
    ║ <3 Playwright Team                                   ║
    ╚══════════════════════════════════════════════════════╝

    Error Context: ../../test-results/04-ui-ux-components-UI-UX--1c5f1--layout-on-Tablet-Landscape-chromium/error-context.md
]]>
</failure>
<system-out>
<![CDATA[
[[ATTACHMENT|../../test-results/04-ui-ux-components-UI-UX--1c5f1--layout-on-Tablet-Landscape-chromium/error-context.md]]
]]>
</system-out>
</testcase>
<testcase name="UI/UX Component Testing › Responsive Design › responsive layout on Desktop" classname="04-ui-ux-components.spec.ts" time="0.064">
<failure message="04-ui-ux-components.spec.ts:23:11 responsive layout on Desktop" type="FAILURE">
<![CDATA[  [chromium] › 04-ui-ux-components.spec.ts:23:11 › UI/UX Component Testing › Responsive Design › responsive layout on Desktop 

    Error: browserType.launch: 
    ╔══════════════════════════════════════════════════════╗
    ║ Host system is missing dependencies to run browsers. ║
    ║ Please install them with the following command:      ║
    ║                                                      ║
    ║     sudo npx playwright install-deps                 ║
    ║                                                      ║
    ║ Alternatively, use apt:                              ║
    ║     sudo apt-get install libnss3\                    ║
    ║         libnspr4                                     ║
    ║                                                      ║
    ║ <3 Playwright Team                                   ║
    ╚══════════════════════════════════════════════════════╝

    Error Context: ../../test-results/04-ui-ux-components-UI-UX--84d4a-esponsive-layout-on-Desktop-chromium/error-context.md
]]>
</failure>
<system-out>
<![CDATA[
[[ATTACHMENT|../../test-results/04-ui-ux-components-UI-UX--84d4a-esponsive-layout-on-Desktop-chromium/error-context.md]]
]]>
</system-out>
</testcase>
<testcase name="UI/UX Component Testing › Responsive Design › responsive layout on Wide Screen" classname="04-ui-ux-components.spec.ts" time="0.071">
<failure message="04-ui-ux-components.spec.ts:23:11 responsive layout on Wide Screen" type="FAILURE">
<![CDATA[  [chromium] › 04-ui-ux-components.spec.ts:23:11 › UI/UX Component Testing › Responsive Design › responsive layout on Wide Screen 

    Error: browserType.launch: 
    ╔══════════════════════════════════════════════════════╗
    ║ Host system is missing dependencies to run browsers. ║
    ║ Please install them with the following command:      ║
    ║                                                      ║
    ║     sudo npx playwright install-deps                 ║
    ║                                                      ║
    ║ Alternatively, use apt:                              ║
    ║     sudo apt-get install libnss3\                    ║
    ║         libnspr4                                     ║
    ║                                                      ║
    ║ <3 Playwright Team                                   ║
    ╚══════════════════════════════════════════════════════╝

    Error Context: ../../test-results/04-ui-ux-components-UI-UX--537ef-nsive-layout-on-Wide-Screen-chromium/error-context.md
]]>
</failure>
<system-out>
<![CDATA[
[[ATTACHMENT|../../test-results/04-ui-ux-components-UI-UX--537ef-nsive-layout-on-Wide-Screen-chromium/error-context.md]]
]]>
</system-out>
</testcase>
<testcase name="UI/UX Component Testing › Responsive Design › responsive images and media" classname="04-ui-ux-components.spec.ts" time="0.072">
<failure message="04-ui-ux-components.spec.ts:78:9 responsive images and media" type="FAILURE">
<![CDATA[  [chromium] › 04-ui-ux-components.spec.ts:78:9 › UI/UX Component Testing › Responsive Design › responsive images and media 

    Error: browserType.launch: 
    ╔══════════════════════════════════════════════════════╗
    ║ Host system is missing dependencies to run browsers. ║
    ║ Please install them with the following command:      ║
    ║                                                      ║
    ║     sudo npx playwright install-deps                 ║
    ║                                                      ║
    ║ Alternatively, use apt:                              ║
    ║     sudo apt-get install libnss3\                    ║
    ║         libnspr4                                     ║
    ║                                                      ║
    ║ <3 Playwright Team                                   ║
    ╚══════════════════════════════════════════════════════╝

    Error Context: ../../test-results/04-ui-ux-components-UI-UX--7f381-responsive-images-and-media-chromium/error-context.md
]]>
</failure>
<system-out>
<![CDATA[
[[ATTACHMENT|../../test-results/04-ui-ux-components-UI-UX--7f381-responsive-images-and-media-chromium/error-context.md]]
]]>
</system-out>
</testcase>
<testcase name="UI/UX Component Testing › Accessibility Features › keyboard navigation" classname="04-ui-ux-components.spec.ts" time="0.078">
<failure message="04-ui-ux-components.spec.ts:112:9 keyboard navigation" type="FAILURE">
<![CDATA[  [chromium] › 04-ui-ux-components.spec.ts:112:9 › UI/UX Component Testing › Accessibility Features › keyboard navigation 

    Error: browserType.launch: 
    ╔══════════════════════════════════════════════════════╗
    ║ Host system is missing dependencies to run browsers. ║
    ║ Please install them with the following command:      ║
    ║                                                      ║
    ║     sudo npx playwright install-deps                 ║
    ║                                                      ║
    ║ Alternatively, use apt:                              ║
    ║     sudo apt-get install libnss3\                    ║
    ║         libnspr4                                     ║
    ║                                                      ║
    ║ <3 Playwright Team                                   ║
    ╚══════════════════════════════════════════════════════╝

    Error Context: ../../test-results/04-ui-ux-components-UI-UX--da264-eatures-keyboard-navigation-chromium/error-context.md
]]>
</failure>
<system-out>
<![CDATA[
[[ATTACHMENT|../../test-results/04-ui-ux-components-UI-UX--da264-eatures-keyboard-navigation-chromium/error-context.md]]
]]>
</system-out>
</testcase>
<testcase name="UI/UX Component Testing › Accessibility Features › screen reader compatibility" classname="04-ui-ux-components.spec.ts" time="0.062">
<failure message="04-ui-ux-components.spec.ts:147:9 screen reader compatibility" type="FAILURE">
<![CDATA[  [chromium] › 04-ui-ux-components.spec.ts:147:9 › UI/UX Component Testing › Accessibility Features › screen reader compatibility 

    Error: browserType.launch: 
    ╔══════════════════════════════════════════════════════╗
    ║ Host system is missing dependencies to run browsers. ║
    ║ Please install them with the following command:      ║
    ║                                                      ║
    ║     sudo npx playwright install-deps                 ║
    ║                                                      ║
    ║ Alternatively, use apt:                              ║
    ║     sudo apt-get install libnss3\                    ║
    ║         libnspr4                                     ║
    ║                                                      ║
    ║ <3 Playwright Team                                   ║
    ╚══════════════════════════════════════════════════════╝

    Error Context: ../../test-results/04-ui-ux-components-UI-UX--b0918-screen-reader-compatibility-chromium/error-context.md
]]>
</failure>
<system-out>
<![CDATA[
[[ATTACHMENT|../../test-results/04-ui-ux-components-UI-UX--b0918-screen-reader-compatibility-chromium/error-context.md]]
]]>
</system-out>
</testcase>
<testcase name="UI/UX Component Testing › Accessibility Features › color contrast compliance" classname="04-ui-ux-components.spec.ts" time="0.068">
<failure message="04-ui-ux-components.spec.ts:185:9 color contrast compliance" type="FAILURE">
<![CDATA[  [chromium] › 04-ui-ux-components.spec.ts:185:9 › UI/UX Component Testing › Accessibility Features › color contrast compliance 

    Error: browserType.launch: 
    ╔══════════════════════════════════════════════════════╗
    ║ Host system is missing dependencies to run browsers. ║
    ║ Please install them with the following command:      ║
    ║                                                      ║
    ║     sudo npx playwright install-deps                 ║
    ║                                                      ║
    ║ Alternatively, use apt:                              ║
    ║     sudo apt-get install libnss3\                    ║
    ║         libnspr4                                     ║
    ║                                                      ║
    ║ <3 Playwright Team                                   ║
    ╚══════════════════════════════════════════════════════╝

    Error Context: ../../test-results/04-ui-ux-components-UI-UX--cb07c-s-color-contrast-compliance-chromium/error-context.md
]]>
</failure>
<system-out>
<![CDATA[
[[ATTACHMENT|../../test-results/04-ui-ux-components-UI-UX--cb07c-s-color-contrast-compliance-chromium/error-context.md]]
]]>
</system-out>
</testcase>
<testcase name="UI/UX Component Testing › Accessibility Features › focus management in modals" classname="04-ui-ux-components.spec.ts" time="0.058">
<failure message="04-ui-ux-components.spec.ts:220:9 focus management in modals" type="FAILURE">
<![CDATA[  [chromium] › 04-ui-ux-components.spec.ts:220:9 › UI/UX Component Testing › Accessibility Features › focus management in modals 

    Error: browserType.launch: 
    ╔══════════════════════════════════════════════════════╗
    ║ Host system is missing dependencies to run browsers. ║
    ║ Please install them with the following command:      ║
    ║                                                      ║
    ║     sudo npx playwright install-deps                 ║
    ║                                                      ║
    ║ Alternatively, use apt:                              ║
    ║     sudo apt-get install libnss3\                    ║
    ║         libnspr4                                     ║
    ║                                                      ║
    ║ <3 Playwright Team                                   ║
    ╚══════════════════════════════════════════════════════╝

    Error Context: ../../test-results/04-ui-ux-components-UI-UX--7c9c9--focus-management-in-modals-chromium/error-context.md
]]>
</failure>
<system-out>
<![CDATA[
[[ATTACHMENT|../../test-results/04-ui-ux-components-UI-UX--7c9c9--focus-management-in-modals-chromium/error-context.md]]
]]>
</system-out>
</testcase>
<testcase name="UI/UX Component Testing › Loading States and Skeleton Components › skeleton loaders during data fetch" classname="04-ui-ux-components.spec.ts" time="0.06">
<failure message="04-ui-ux-components.spec.ts:255:9 skeleton loaders during data fetch" type="FAILURE">
<![CDATA[  [chromium] › 04-ui-ux-components.spec.ts:255:9 › UI/UX Component Testing › Loading States and Skeleton Components › skeleton loaders during data fetch 

    Error: browserType.launch: 
    ╔══════════════════════════════════════════════════════╗
    ║ Host system is missing dependencies to run browsers. ║
    ║ Please install them with the following command:      ║
    ║                                                      ║
    ║     sudo npx playwright install-deps                 ║
    ║                                                      ║
    ║ Alternatively, use apt:                              ║
    ║     sudo apt-get install libnss3\                    ║
    ║         libnspr4                                     ║
    ║                                                      ║
    ║ <3 Playwright Team                                   ║
    ╚══════════════════════════════════════════════════════╝

    Error Context: ../../test-results/04-ui-ux-components-UI-UX--79f11-n-loaders-during-data-fetch-chromium/error-context.md
]]>
</failure>
<system-out>
<![CDATA[
[[ATTACHMENT|../../test-results/04-ui-ux-components-UI-UX--79f11-n-loaders-during-data-fetch-chromium/error-context.md]]
]]>
</system-out>
</testcase>
<testcase name="UI/UX Component Testing › Loading States and Skeleton Components › loading spinners for actions" classname="04-ui-ux-components.spec.ts" time="0.066">
<failure message="04-ui-ux-components.spec.ts:275:9 loading spinners for actions" type="FAILURE">
<![CDATA[  [chromium] › 04-ui-ux-components.spec.ts:275:9 › UI/UX Component Testing › Loading States and Skeleton Components › loading spinners for actions 

    Error: browserType.launch: 
    ╔══════════════════════════════════════════════════════╗
    ║ Host system is missing dependencies to run browsers. ║
    ║ Please install them with the following command:      ║
    ║                                                      ║
    ║     sudo npx playwright install-deps                 ║
    ║                                                      ║
    ║ Alternatively, use apt:                              ║
    ║     sudo apt-get install libnss3\                    ║
    ║         libnspr4                                     ║
    ║                                                      ║
    ║ <3 Playwright Team                                   ║
    ╚══════════════════════════════════════════════════════╝

    Error Context: ../../test-results/04-ui-ux-components-UI-UX--6f57b-oading-spinners-for-actions-chromium/error-context.md
]]>
</failure>
<system-out>
<![CDATA[
[[ATTACHMENT|../../test-results/04-ui-ux-components-UI-UX--6f57b-oading-spinners-for-actions-chromium/error-context.md]]
]]>
</system-out>
</testcase>
<testcase name="UI/UX Component Testing › Loading States and Skeleton Components › optimistic UI updates" classname="04-ui-ux-components.spec.ts" time="0.097">
<failure message="04-ui-ux-components.spec.ts:302:9 optimistic UI updates" type="FAILURE">
<![CDATA[  [chromium] › 04-ui-ux-components.spec.ts:302:9 › UI/UX Component Testing › Loading States and Skeleton Components › optimistic UI updates 

    Error: browserType.launch: 
    ╔══════════════════════════════════════════════════════╗
    ║ Host system is missing dependencies to run browsers. ║
    ║ Please install them with the following command:      ║
    ║                                                      ║
    ║     sudo npx playwright install-deps                 ║
    ║                                                      ║
    ║ Alternatively, use apt:                              ║
    ║     sudo apt-get install libnss3\                    ║
    ║         libnspr4                                     ║
    ║                                                      ║
    ║ <3 Playwright Team                                   ║
    ╚══════════════════════════════════════════════════════╝

    Error Context: ../../test-results/04-ui-ux-components-UI-UX--98659-nents-optimistic-UI-updates-chromium/error-context.md
]]>
</failure>
<system-out>
<![CDATA[
[[ATTACHMENT|../../test-results/04-ui-ux-components-UI-UX--98659-nents-optimistic-UI-updates-chromium/error-context.md]]
]]>
</system-out>
</testcase>
<testcase name="UI/UX Component Testing › Error Handling and User Feedback › form validation feedback" classname="04-ui-ux-components.spec.ts" time="0.08">
<failure message="04-ui-ux-components.spec.ts:331:9 form validation feedback" type="FAILURE">
<![CDATA[  [chromium] › 04-ui-ux-components.spec.ts:331:9 › UI/UX Component Testing › Error Handling and User Feedback › form validation feedback 

    Error: browserType.launch: 
    ╔══════════════════════════════════════════════════════╗
    ║ Host system is missing dependencies to run browsers. ║
    ║ Please install them with the following command:      ║
    ║                                                      ║
    ║     sudo npx playwright install-deps                 ║
    ║                                                      ║
    ║ Alternatively, use apt:                              ║
    ║     sudo apt-get install libnss3\                    ║
    ║         libnspr4                                     ║
    ║                                                      ║
    ║ <3 Playwright Team                                   ║
    ╚══════════════════════════════════════════════════════╝

    Error Context: ../../test-results/04-ui-ux-components-UI-UX--c462d-ck-form-validation-feedback-chromium/error-context.md
]]>
</failure>
<system-out>
<![CDATA[
[[ATTACHMENT|../../test-results/04-ui-ux-components-UI-UX--c462d-ck-form-validation-feedback-chromium/error-context.md]]
]]>
</system-out>
</testcase>
<testcase name="UI/UX Component Testing › Error Handling and User Feedback › network error handling" classname="04-ui-ux-components.spec.ts" time="0.071">
<failure message="04-ui-ux-components.spec.ts:354:9 network error handling" type="FAILURE">
<![CDATA[  [chromium] › 04-ui-ux-components.spec.ts:354:9 › UI/UX Component Testing › Error Handling and User Feedback › network error handling 

    Error: browserType.launch: 
    ╔══════════════════════════════════════════════════════╗
    ║ Host system is missing dependencies to run browsers. ║
    ║ Please install them with the following command:      ║
    ║                                                      ║
    ║     sudo npx playwright install-deps                 ║
    ║                                                      ║
    ║ Alternatively, use apt:                              ║
    ║     sudo apt-get install libnss3\                    ║
    ║         libnspr4                                     ║
    ║                                                      ║
    ║ <3 Playwright Team                                   ║
    ╚══════════════════════════════════════════════════════╝

    Error Context: ../../test-results/04-ui-ux-components-UI-UX--a5d0a-back-network-error-handling-chromium/error-context.md
]]>
</failure>
<system-out>
<![CDATA[
[[ATTACHMENT|../../test-results/04-ui-ux-components-UI-UX--a5d0a-back-network-error-handling-chromium/error-context.md]]
]]>
</system-out>
</testcase>
<testcase name="UI/UX Component Testing › Error Handling and User Feedback › toast notifications" classname="04-ui-ux-components.spec.ts" time="0.069">
<failure message="04-ui-ux-components.spec.ts:378:9 toast notifications" type="FAILURE">
<![CDATA[  [chromium] › 04-ui-ux-components.spec.ts:378:9 › UI/UX Component Testing › Error Handling and User Feedback › toast notifications 

    Error: browserType.launch: 
    ╔══════════════════════════════════════════════════════╗
    ║ Host system is missing dependencies to run browsers. ║
    ║ Please install them with the following command:      ║
    ║                                                      ║
    ║     sudo npx playwright install-deps                 ║
    ║                                                      ║
    ║ Alternatively, use apt:                              ║
    ║     sudo apt-get install libnss3\                    ║
    ║         libnspr4                                     ║
    ║                                                      ║
    ║ <3 Playwright Team                                   ║
    ╚══════════════════════════════════════════════════════╝

    Error Context: ../../test-results/04-ui-ux-components-UI-UX--0c280-eedback-toast-notifications-chromium/error-context.md
]]>
</failure>
<system-out>
<![CDATA[
[[ATTACHMENT|../../test-results/04-ui-ux-components-UI-UX--0c280-eedback-toast-notifications-chromium/error-context.md]]
]]>
</system-out>
</testcase>
<testcase name="UI/UX Component Testing › Interactive Components › dropdown menus" classname="04-ui-ux-components.spec.ts" time="0.06">
<failure message="04-ui-ux-components.spec.ts:411:9 dropdown menus" type="FAILURE">
<![CDATA[  [chromium] › 04-ui-ux-components.spec.ts:411:9 › UI/UX Component Testing › Interactive Components › dropdown menus 

    Error: browserType.launch: 
    ╔══════════════════════════════════════════════════════╗
    ║ Host system is missing dependencies to run browsers. ║
    ║ Please install them with the following command:      ║
    ║                                                      ║
    ║     sudo npx playwright install-deps                 ║
    ║                                                      ║
    ║ Alternatively, use apt:                              ║
    ║     sudo apt-get install libnss3\                    ║
    ║         libnspr4                                     ║
    ║                                                      ║
    ║ <3 Playwright Team                                   ║
    ╚══════════════════════════════════════════════════════╝

    Error Context: ../../test-results/04-ui-ux-components-UI-UX--ff146-e-Components-dropdown-menus-chromium/error-context.md
]]>
</failure>
<system-out>
<![CDATA[
[...]
<skipped>
</skipped>
</testcase>
<testcase name="UI/UX Component Testing › Interactive Components › date pickers" classname="04-ui-ux-components.spec.ts" time="0">
<skipped>
</skipped>
</testcase>
<testcase name="UI/UX Component Testing › Interactive Components › autocomplete/search suggestions" classname="04-ui-ux-components.spec.ts" time="0">
<skipped>
</skipped>
</testcase>
<testcase name="UI/UX Component Testing › Interactive Components › tabs and tab panels" classname="04-ui-ux-components.spec.ts" time="0">
<skipped>
</skipped>
</testcase>
<testcase name="UI/UX Component Testing › Real Device Testing › touch interactions on mobile" classname="04-ui-ux-components.spec.ts" time="0">
<skipped>
</skipped>
</testcase>
<testcase name="UI/UX Component Testing › Real Device Testing › device orientation changes" classname="04-ui-ux-components.spec.ts" time="0">
<skipped>
</skipped>
</testcase>
</testsuite>
<testsuite name="05-integration-performance.spec.ts" timestamp="2025-06-30T19:50:57.388Z" hostname="Mobile Chrome" tests="15" failures="0" skipped="15" time="0" errors="0">
<testcase name="Integration &amp; Performance Testing › Supabase Integration › database operations performance" classname="05-integration-performance.spec.ts" time="0">
<skipped>
</skipped>
</testcase>
<testcase name="Integration &amp; Performance Testing › Supabase Integration › real-time subscriptions" classname="05-integration-performance.spec.ts" time="0">
<skipped>
</skipped>
</testcase>
<testcase name="Integration &amp; Performance Testing › Supabase Integration › file storage integration" classname="05-integration-performance.spec.ts" time="0">
<skipped>
</skipped>
</testcase>
<testcase name="Integration &amp; Performance Testing › SendGrid Email Integration › email delivery tracking" classname="05-integration-performance.spec.ts" time="0">
<skipped>
</skipped>
</testcase>
<testcase name="Integration &amp; Performance Testing › SendGrid Email Integration › email template processing" classname="05-integration-performance.spec.ts" time="0">
<skipped>
</skipped>
</testcase>
<testcase name="Integration &amp; Performance Testing › Mapbox Integration › map rendering performance" classname="05-integration-performance.spec.ts" time="0">
<skipped>
</skipped>
</testcase>
<testcase name="Integration &amp; Performance Testing › Mapbox Integration › project location clustering" classname="05-integration-performance.spec.ts" time="0">
<skipped>
</skipped>
</testcase>
<testcase name="Integration &amp; Performance Testing › Performance Benchmarks › page load performance metrics" classname="05-integration-performance.spec.ts" time="0">
<skipped>
</skipped>
</testcase>
<testcase name="Integration &amp; Performance Testing › Performance Benchmarks › concurrent user load testing" classname="05-integration-performance.spec.ts" time="0">
<skipped>
</skipped>
</testcase>
<testcase name="Integration &amp; Performance Testing › Performance Benchmarks › API endpoint performance" classname="05-integration-performance.spec.ts" time="0">
<skipped>
</skipped>
</testcase>
<testcase name="Integration &amp; Performance Testing › Performance Benchmarks › memory usage monitoring" classname="05-integration-performance.spec.ts" time="0">
<skipped>
</skipped>
</testcase>
<testcase name="Integration &amp; Performance Testing › File Upload/Download Performance › large file handling" classname="05-integration-performance.spec.ts" time="0">
<skipped>
</skipped>
</testcase>
<testcase name="Integration &amp; Performance Testing › File Upload/Download Performance › concurrent file operations" classname="05-integration-performance.spec.ts" time="0">
<skipped>
</skipped>
</testcase>
<testcase name="Integration &amp; Performance Testing › Database Query Performance › complex query performance" classname="05-integration-performance.spec.ts" time="0">
<skipped>
</skipped>
</testcase>
<testcase name="Integration &amp; Performance Testing › Database Query Performance › data export performance" classname="05-integration-performance.spec.ts" time="0">
<skipped>
</skipped>
</testcase>
</testsuite>
<testsuite name="debug-helper.spec.ts" timestamp="2025-06-30T19:50:57.388Z" hostname="Mobile Chrome" tests="3" failures="0" skipped="3" time="0" errors="0">
<testcase name="Debug Helper - Check Environment › verify servers are running" classname="debug-helper.spec.ts" time="0">
<skipped>
</skipped>
</testcase>
<testcase name="Debug Helper - Check Environment › check login page elements" classname="debug-helper.spec.ts" time="0">
<skipped>
</skipped>
</testcase>
<testcase name="Debug Helper - Check Environment › check actual login flow" classname="debug-helper.spec.ts" time="0">
<skipped>
</skipped>
</testcase>
</testsuite>
<testsuite name="00-simple-test.spec.ts" timestamp="2025-06-30T19:50:57.388Z" hostname="Mobile Safari" tests="2" failures="0" skipped="2" time="0" errors="0">
<testcase name="Simple Smoke Tests › frontend is accessible" classname="00-simple-test.spec.ts" time="0">
<skipped>
</skipped>
</testcase>
<testcase name="Simple Smoke Tests › login page loads" classname="00-simple-test.spec.ts" time="0">
<skipped>
</skipped>
</testcase>
</testsuite>
<testsuite name="01-user-journeys.spec.ts" timestamp="2025-06-30T19:50:57.388Z" hostname="Mobile Safari" tests="6" failures="0" skipped="6" time="0" errors="0">
<testcase name="Multi-Role User Journeys › Super Admin Journey › complete super admin workflow" classname="01-user-journeys.spec.ts" time="0">
<skipped>
</skipped>
</testcase>
<testcase name="Multi-Role User Journeys › Company Admin Journey › complete company admin workflow" classname="01-user-journeys.spec.ts" time="0">
<skipped>
</skipped>
</testcase>
<testcase name="Multi-Role User Journeys › Manager Journey › complete manager workflow" classname="01-user-journeys.spec.ts" time="0">
<skipped>
</skipped>
</testcase>
<testcase name="Multi-Role User Journeys › Staff Journey › complete staff workflow" classname="01-user-journeys.spec.ts" time="0">
<skipped>
</skipped>
</testcase>
<testcase name="Multi-Role User Journeys › Applicant Journey › complete applicant workflow" classname="01-user-journeys.spec.ts" time="0">
<skipped>
</skipped>
</testcase>
<testcase name="Multi-Role User Journeys › cross-role collaboration workflow" classname="01-user-journeys.spec.ts" time="0">
<skipped>
</skipped>
</testcase>
</testsuite>
<testsuite name="02-core-features.spec.ts" timestamp="2025-06-30T19:50:57.388Z" hostname="Mobile Safari" tests="13" failures="0" skipped="13" time="0" errors="0">
<testcase name="Core Feature Workflows › Authentication Flow › complete registration with email verification" classname="02-core-features.spec.ts" time="0">
<skipped>
</skipped>
</testcase>
<testcase name="Core Feature Workflows › Authentication Flow › password reset flow" classname="02-core-features.spec.ts" time="0">
<skipped>
</skipped>
</testcase>
<testcase name="Core Feature Workflows › Authentication Flow › session management and timeout" classname="02-core-features.spec.ts" time="0">
<skipped>
</skipped>
</testcase>
<testcase name="Core Feature Workflows › Applicant Management › complete CRUD operations" classname="02-core-features.spec.ts" time="0">
<skipped>
</skipped>
</testcase>
<testcase name="Core Feature Workflows › Applicant Management › search and filter functionality" classname="02-core-features.spec.ts" time="0">
<skipped>
</skipped>
</testcase>
<testcase name="Core Feature Workflows › Applicant Management › bulk operations" classname="02-core-features.spec.ts" time="0">
<skipped>
</skipped>
</testcase>
<testcase name="Core Feature Workflows › Project Management › create and edit project with all details" classname="02-core-features.spec.ts" time="0">
<skipped>
</skipped>
</testcase>
<testcase name="Core Feature Workflows › Project Management › project visibility and publishing" classname="02-core-features.spec.ts" time="0">
<skipped>
</skipped>
</testcase>
<testcase name="Core Feature Workflows › Application Process › complete application workflow" classname="02-core-features.spec.ts" time="0">
<skipped>
</skipped>
</testcase>
<testcase name="Core Feature Workflows › File Management › upload and download documents" classname="02-core-features.spec.ts" time="0">
<skipped>
</skipped>
</testcase>
<testcase name="Core Feature Workflows › File Management › file encryption verification" classname="02-core-features.spec.ts" time="0">
<skipped>
</skipped>
</testcase>
<testcase name="Core Feature Workflows › Communication Features › email notifications workflow" classname="02-core-features.spec.ts" time="0">
<skipped>
</skipped>
</testcase>
<testcase name="Core Feature Workflows › Communication Features › in-app notifications" classname="02-core-features.spec.ts" time="0">
<skipped>
</skipped>
</testcase>
</testsuite>
<testsuite name="03-security-features.spec.ts" timestamp="2025-06-30T19:50:57.388Z" hostname="Mobile Safari" tests="15" failures="0" skipped="15" time="0" errors="0">
<testcase name="Security Feature Validation › Rate Limiting › login attempts rate limiting" classname="03-security-features.spec.ts" time="0">
<skipped>
</skipped>
</testcase>
<testcase name="Security Feature Validation › Rate Limiting › API endpoint rate limiting" classname="03-security-features.spec.ts" time="0">
<skipped>
</skipped>
</testcase>
<testcase name="Security Feature Validation › PII Encryption › verify PII data is encrypted in transit" classname="03-security-features.spec.ts" time="0">
<skipped>
</skipped>
</testcase>
<testcase name="Security Feature Validation › PII Encryption › verify PII is masked in UI" classname="03-security-features.spec.ts" time="0">
<skipped>
</skipped>
</testcase>
<testcase name="Security Feature Validation › Role-Based Access Control › verify role restrictions are enforced" classname="03-security-features.spec.ts" time="0">
<skipped>
</skipped>
</testcase>
<testcase name="Security Feature Validation › Role-Based Access Control › verify API endpoint authorization" classname="03-security-features.spec.ts" time="0">
<skipped>
</skipped>
</testcase>
<testcase name="Security Feature Validation › CORS Configuration › verify CORS headers are properly set" classname="03-security-features.spec.ts" time="0">
<skipped>
</skipped>
</testcase>
<testcase name="Security Feature Validation › CORS Configuration › verify CORS blocks unauthorized origins" classname="03-security-features.spec.ts" time="0">
<skipped>
</skipped>
</testcase>
<testcase name="Security Feature Validation › Session Management › verify session timeout works correctly" classname="03-security-features.spec.ts" time="0">
<skipped>
</skipped>
</testcase>
<testcase name="Security Feature Validation › Session Management › verify concurrent session handling" classname="03-security-features.spec.ts" time="0">
<skipped>
</skipped>
</testcase>
<testcase name="Security Feature Validation › Input Validation &amp; Sanitization › verify XSS protection" classname="03-security-features.spec.ts" time="0">
<skipped>
</skipped>
</testcase>
<testcase name="Security Feature Validation › Input Validation &amp; Sanitization › verify SQL injection protection" classname="03-security-features.spec.ts" time="0">
<skipped>
</skipped>
</testcase>
<testcase name="Security Feature Validation › File Security › verify malicious file upload protection" classname="03-security-features.spec.ts" time="0">
<skipped>
</skipped>
</testcase>
<testcase name="Security Feature Validation › File Security › verify file size limits" classname="03-security-features.spec.ts" time="0">
<skipped>
</skipped>
</testcase>
<testcase name="Security Feature Validation › Audit Logging › verify sensitive actions are logged" classname="03-security-features.spec.ts" time="0">
<skipped>
</skipped>
</testcase>
</testsuite>
<testsuite name="04-ui-ux-components.spec.ts" timestamp="2025-06-30T19:50:57.388Z" hostname="Mobile Safari" tests="23" failures="0" skipped="23" time="0" errors="0">
<testcase name="UI/UX Component Testing › Responsive Design › responsive layout on Mobile Portrait" classname="04-ui-ux-components.spec.ts" time="0">
<skipped>
</skipped>
</testcase>
<testcase name="UI/UX Component Testing › Responsive Design › responsive layout on Mobile Landscape" classname="04-ui-ux-components.spec.ts" time="0">
<skipped>
</skipped>
</testcase>
<testcase name="UI/UX Component Testing › Responsive Design › responsive layout on Tablet Portrait" classname="04-ui-ux-components.spec.ts" time="0">
<skipped>
</skipped>
</testcase>
<testcase name="UI/UX Component Testing › Responsive Design › responsive layout on Tablet Landscape" classname="04-ui-ux-components.spec.ts" time="0">
<skipped>
</skipped>
</testcase>
<testcase name="UI/UX Component Testing › Responsive Design › responsive layout on Desktop" classname="04-ui-ux-components.spec.ts" time="0">
<skipped>
</skipped>
</testcase>
<testcase name="UI/UX Component Testing › Responsive Design › responsive layout on Wide Screen" classname="04-ui-ux-components.spec.ts" time="0">
<skipped>
</skipped>
</testcase>
<testcase name="UI/UX Component Testing › Responsive Design › responsive images and media" classname="04-ui-ux-components.spec.ts" time="0">
<skipped>
</skipped>
</testcase>
<testcase name="UI/UX Component Testing › Accessibility Features › keyboard navigation" classname="04-ui-ux-components.spec.ts" time="0">
<skipped>
</skipped>
</testcase>
<testcase name="UI/UX Component Testing › Accessibility Features › screen reader compatibility" classname="04-ui-ux-components.spec.ts" time="0">
<skipped>
</skipped>
</testcase>
<testcase name="UI/UX Component Testing › Accessibility Features › color contrast compliance" classname="04-ui-ux-components.spec.ts" time="0">
<skipped>
</skipped>
</testcase>
<testcase name="UI/UX Component Testing › Accessibility Features › focus management in modals" classname="04-ui-ux-components.spec.ts" time="0">
<skipped>
</skipped>
</testcase>
<testcase name="UI/UX Component Testing › Loading States and Skeleton Components › skeleton loaders during data fetch" classname="04-ui-ux-components.spec.ts" time="0">
<skipped>
</skipped>
</testcase>
<testcase name="UI/UX Component Testing › Loading States and Skeleton Components › loading spinners for actions" classname="04-ui-ux-components.spec.ts" time="0">
<skipped>
</skipped>
</testcase>
<testcase name="UI/UX Component Testing › Loading States and Skeleton Components › optimistic UI updates" classname="04-ui-ux-components.spec.ts" time="0">
<skipped>
</skipped>
</testcase>
<testcase name="UI/UX Component Testing › Error Handling and User Feedback › form validation feedback" classname="04-ui-ux-components.spec.ts" time="0">
<skipped>
</skipped>
</testcase>
<testcase name="UI/UX Component Testing › Error Handling and User Feedback › network error handling" classname="04-ui-ux-components.spec.ts" time="0">
<skipped>
</skipped>
</testcase>
<testcase name="UI/UX Component Testing › Error Handling and User Feedback › toast notifications" classname="04-ui-ux-components.spec.ts" time="0">
<skipped>
</skipped>
</testcase>
<testcase name="UI/UX Component Testing › Interactive Components › dropdown menus" classname="04-ui-ux-components.spec.ts" time="0">
<skipped>
</skipped>
</testcase>
<testcase name="UI/UX Component Testing › Interactive Components › date pickers" classname="04-ui-ux-components.spec.ts" time="0">
<skipped>
</skipped>
</testcase>
<testcase name="UI/UX Component Testing › Interactive Components › autocomplete/search suggestions" classname="04-ui-ux-components.spec.ts" time="0">
<skipped>
</skipped>
</testcase>
<testcase name="UI/UX Component Testing › Interactive Components › tabs and tab panels" classname="04-ui-ux-components.spec.ts" time="0">
<skipped>
</skipped>
</testcase>
<testcase name="UI/UX Component Testing › Real Device Testing › touch interactions on mobile" classname="04-ui-ux-components.spec.ts" time="0">
<skipped>
</skipped>
</testcase>
<testcase name="UI/UX Component Testing › Real Device Testing › device orientation changes" classname="04-ui-ux-components.spec.ts" time="0">
<skipped>
</skipped>
</testcase>
</testsuite>
<testsuite name="05-integration-performance.spec.ts" timestamp="2025-06-30T19:50:57.388Z" hostname="Mobile Safari" tests="15" failures="0" skipped="15" time="0" errors="0">
<testcase name="Integration &amp; Performance Testing › Supabase Integration › database operations performance" classname="05-integration-performance.spec.ts" time="0">
<skipped>
</skipped>
</testcase>
<testcase name="Integration &amp; Performance Testing › Supabase Integration › real-time subscriptions" classname="05-integration-performance.spec.ts" time="0">
<skipped>
</skipped>
</testcase>
<testcase name="Integration &amp; Performance Testing › Supabase Integration › file storage integration" classname="05-integration-performance.spec.ts" time="0">
<skipped>
</skipped>
</testcase>
<testcase name="Integration &amp; Performance Testing › SendGrid Email Integration › email delivery tracking" classname="05-integration-performance.spec.ts" time="0">
<skipped>
</skipped>
</testcase>
<testcase name="Integration &amp; Performance Testing › SendGrid Email Integration › email template processing" classname="05-integration-performance.spec.ts" time="0">
<skipped>
</skipped>
</testcase>
<testcase name="Integration &amp; Performance Testing › Mapbox Integration › map rendering performance" classname="05-integration-performance.spec.ts" time="0">
<skipped>
</skipped>
</testcase>
<testcase name="Integration &amp; Performance Testing › Mapbox Integration › project location clustering" classname="05-integration-performance.spec.ts" time="0">
<skipped>
</skipped>
</testcase>
<testcase name="Integration &amp; Performance Testing › Performance Benchmarks › page load performance metrics" classname="05-integration-performance.spec.ts" time="0">
<skipped>
</skipped>
</testcase>
<testcase name="Integration &amp; Performance Testing › Performance Benchmarks › concurrent user load testing" classname="05-integration-performance.spec.ts" time="0">
<skipped>
</skipped>
</testcase>
<testcase name="Integration &amp; Performance Testing › Performance Benchmarks › API endpoint performance" classname="05-integration-performance.spec.ts" time="0">
<skipped>
</skipped>
</testcase>
<testcase name="Integration &amp; Performance Testing › Performance Benchmarks › memory usage monitoring" classname="05-integration-performance.spec.ts" time="0">
<skipped>
</skipped>
</testcase>
<testcase name="Integration &amp; Performance Testing › File Upload/Download Performance › large file handling" classname="05-integration-performance.spec.ts" time="0">
<skipped>
</skipped>
</testcase>
<testcase name="Integration &amp; Performance Testing › File Upload/Download Performance › concurrent file operations" classname="05-integration-performance.spec.ts" time="0">
<skipped>
</skipped>
</testcase>
<testcase name="Integration &amp; Performance Testing › Database Query Performance › complex query performance" classname="05-integration-performance.spec.ts" time="0">
<skipped>
</skipped>
</testcase>
<testcase name="Integration &amp; Performance Testing › Database Query Performance › data export performance" classname="05-integration-performance.spec.ts" time="0">
<skipped>
</skipped>
</testcase>
</testsuite>
<testsuite name="debug-helper.spec.ts" timestamp="2025-06-30T19:50:57.388Z" hostname="Mobile Safari" tests="3" failures="0" skipped="3" time="0" errors="0">
<testcase name="Debug Helper - Check Environment › verify servers are running" classname="debug-helper.spec.ts" time="0">
<skipped>
</skipped>
</testcase>
<testcase name="Debug Helper - Check Environment › check login page elements" classname="debug-helper.spec.ts" time="0">
<skipped>
</skipped>
</testcase>
<testcase name="Debug Helper - Check Environment › check actual login flow" classname="debug-helper.spec.ts" time="0">
<skipped>
</skipped>
</testcase>
</testsuite>
</testsuites>